<?xml version="1.0" encoding="UTF-8"?>
<testsuite name="MoodAnalyserTest" tests="2" skipped="0" failures="0" errors="0" timestamp="2020-04-28T14:01:33" hostname="DESKTOP-EQMTF9U" time="0.025">
  <properties/>
  <testcase name="givenMessage_WhenSad_ShouldReturnSad" classname="MoodAnalyserTest" time="0.017"/>
  <testcase name="givenMessage_WhenNotSad_ShouldReturnHappy" classname="MoodAnalyserTest" time="0.003"/>
  <system-out><![CDATA[]]></system-out>
  <system-err><![CDATA[]]></system-err>
</testsuite>
